<?xml version="1.0" encoding="UTF-8"?>
<testsuite name="com.mahesh.devops.samples.ThemeParkApplicationTest" tests="4" skipped="0" failures="0" errors="0" timestamp="2021-05-05T15:47:35" hostname="DESKTOP-1VCNLSV" time="0.367">
  <properties/>
  <testcase name="getsAllRides" classname="com.mahesh.devops.samples.ThemeParkApplicationTest" time="0.272"/>
  <testcase name="getsSingleRide" classname="com.mahesh.devops.samples.ThemeParkApplicationTest" time="0.023"/>
  <testcase name="returnsNotFoundForInvalidSingleRide" classname="com.mahesh.devops.samples.ThemeParkApplicationTest" time="0.007"/>
  <testcase name="addsNewRide" classname="com.mahesh.devops.samples.ThemeParkApplicationTest" time="0.062"/>
  <system-out><![CDATA[11:47:30.878 [Test worker] DEBUG org.springframework.test.annotation.ProfileValueUtils - Retrieved @ProfileValueSourceConfiguration [null] for test class [com.mahesh.devops.samples.ThemeParkApplicationTest]
11:47:30.878 [Test worker] DEBUG org.springframework.test.annotation.ProfileValueUtils - Retrieved ProfileValueSource type [class org.springframework.test.annotation.SystemProfileValueSource] for class [com.mahesh.devops.samples.ThemeParkApplicationTest]
11:47:30.879 [Test worker] DEBUG org.springframework.test.annotation.ProfileValueUtils - Retrieved @ProfileValueSourceConfiguration [null] for test class [com.mahesh.devops.samples.ThemeParkApplicationTest]
11:47:30.880 [Test worker] DEBUG org.springframework.test.annotation.ProfileValueUtils - Retrieved ProfileValueSource type [class org.springframework.test.annotation.SystemProfileValueSource] for class [com.mahesh.devops.samples.ThemeParkApplicationTest]
11:47:30.886 [Test worker] DEBUG org.springframework.test.context.support.AbstractDirtiesContextTestExecutionListener - Before test class: context [DefaultTestContext@7cc92ab2 testClass = ThemeParkApplicationTest, testInstance = [null], testMethod = [null], testException = [null], mergedContextConfiguration = [WebMergedContextConfiguration@1844cae0 testClass = ThemeParkApplicationTest, locations = '{}', classes = '{class com.mahesh.devops.samples.ThemeParkApplication}', contextInitializerClasses = '[]', activeProfiles = '{}', propertySourceLocations = '{}', propertySourceProperties = '{org.springframework.boot.test.context.SpringBootTestContextBootstrapper=true}', contextCustomizers = set[org.springframework.boot.test.autoconfigure.properties.PropertyMappingContextCustomizer@4b3fa0b3, org.springframework.boot.test.autoconfigure.web.servlet.WebDriverContextCustomizerFactory$Customizer@59376c93, [ImportsContextCustomizer@2e1f6596 key = [org.springframework.boot.test.autoconfigure.web.servlet.MockMvcAutoConfiguration, org.springframework.boot.test.autoconfigure.web.servlet.MockMvcWebClientAutoConfiguration, org.springframework.boot.test.autoconfigure.web.servlet.MockMvcWebDriverAutoConfiguration, org.springframework.boot.autoconfigure.security.oauth2.client.servlet.OAuth2ClientAutoConfiguration, org.springframework.boot.autoconfigure.security.oauth2.resource.servlet.OAuth2ResourceServerAutoConfiguration, org.springframework.boot.autoconfigure.security.servlet.SecurityAutoConfiguration, org.springframework.boot.autoconfigure.security.servlet.SecurityFilterAutoConfiguration, org.springframework.boot.autoconfigure.security.servlet.UserDetailsServiceAutoConfiguration, org.springframework.boot.test.autoconfigure.web.servlet.MockMvcSecurityConfiguration]], org.springframework.boot.test.context.filter.ExcludeFilterContextCustomizer@434533ea, org.springframework.boot.test.json.DuplicateJsonObjectContextCustomizerFactory$DuplicateJsonObjectContextCustomizer@2c87ebb5, org.springframework.boot.test.mock.mockito.MockitoContextCustomizer@0, org.springframework.boot.test.web.client.TestRestTemplateContextCustomizer@33f815dd, org.springframework.boot.test.context.SpringBootTestArgs@1], resourceBasePath = 'src/main/webapp', contextLoader = 'org.springframework.boot.test.context.SpringBootContextLoader', parent = [null]], attributes = map['org.springframework.test.context.web.ServletTestExecutionListener.activateListener' -> true]], class annotated with @DirtiesContext [false] with mode [null].
11:47:30.888 [Test worker] DEBUG org.springframework.test.annotation.ProfileValueUtils - Retrieved @ProfileValueSourceConfiguration [null] for test class [com.mahesh.devops.samples.ThemeParkApplicationTest]
11:47:30.888 [Test worker] DEBUG org.springframework.test.annotation.ProfileValueUtils - Retrieved ProfileValueSource type [class org.springframework.test.annotation.SystemProfileValueSource] for class [com.mahesh.devops.samples.ThemeParkApplicationTest]
11:47:30.915 [Test worker] DEBUG org.springframework.test.context.support.TestPropertySourceUtils - Adding inlined properties to environment: {spring.jmx.enabled=false, org.springframework.boot.test.context.SpringBootTestContextBootstrapper=true}

  .   ____          _            __ _ _
 /\\ / ___'_ __ _ _(_)_ __  __ _ \ \ \ \
( ( )\___ | '_ | '_| | '_ \/ _` | \ \ \ \
 \\/  ___)| |_)| | | | | || (_| |  ) ) ) )
  '  |____| .__|_| |_|_| |_\__, | / / / /
 =========|_|==============|___/=/_/_/_/
 :: Spring Boot ::        (v2.3.4.RELEASE)

2021-05-05 11:47:31.210  INFO 29108 --- [    Test worker] c.m.d.samples.ThemeParkApplicationTest   : Starting ThemeParkApplicationTest on DESKTOP-1VCNLSV with PID 29108 (started by mmpat in C:\Users\mmpat\spring-projects\ThemeParks)
2021-05-05 11:47:31.212  INFO 29108 --- [    Test worker] c.m.d.samples.ThemeParkApplicationTest   : No active profile set, falling back to default profiles: default
2021-05-05 11:47:32.331  INFO 29108 --- [    Test worker] .s.d.r.c.RepositoryConfigurationDelegate : Bootstrapping Spring Data JPA repositories in DEFERRED mode.
2021-05-05 11:47:32.386  INFO 29108 --- [    Test worker] .s.d.r.c.RepositoryConfigurationDelegate : Finished Spring Data repository scanning in 48ms. Found 1 JPA repository interfaces.
2021-05-05 11:47:33.053  INFO 29108 --- [    Test worker] o.s.s.concurrent.ThreadPoolTaskExecutor  : Initializing ExecutorService 'applicationTaskExecutor'
2021-05-05 11:47:33.077  INFO 29108 --- [    Test worker] com.zaxxer.hikari.HikariDataSource       : HikariPool-1 - Starting...
2021-05-05 11:47:33.275  INFO 29108 --- [    Test worker] com.zaxxer.hikari.HikariDataSource       : HikariPool-1 - Start completed.
2021-05-05 11:47:33.366  INFO 29108 --- [         task-1] o.hibernate.jpa.internal.util.LogHelper  : HHH000204: Processing PersistenceUnitInfo [name: default]
2021-05-05 11:47:33.456  INFO 29108 --- [         task-1] org.hibernate.Version                    : HHH000412: Hibernate ORM core version 5.4.21.Final
2021-05-05 11:47:33.713  INFO 29108 --- [         task-1] o.hibernate.annotations.common.Version   : HCANN000001: Hibernate Commons Annotations {5.1.0.Final}
2021-05-05 11:47:33.719  WARN 29108 --- [    Test worker] JpaBaseConfiguration$JpaWebConfiguration : spring.jpa.open-in-view is enabled by default. Therefore, database queries may be performed during view rendering. Explicitly configure spring.jpa.open-in-view to disable this warning
2021-05-05 11:47:33.883  INFO 29108 --- [         task-1] org.hibernate.dialect.Dialect            : HHH000400: Using dialect: org.hibernate.dialect.H2Dialect
2021-05-05 11:47:34.849  INFO 29108 --- [         task-1] o.h.e.t.j.p.i.JtaPlatformInitiator       : HHH000490: Using JtaPlatform implementation: [org.hibernate.engine.transaction.jta.platform.internal.NoJtaPlatform]
2021-05-05 11:47:34.858  INFO 29108 --- [         task-1] j.LocalContainerEntityManagerFactoryBean : Initialized JPA EntityManagerFactory for persistence unit 'default'
2021-05-05 11:47:35.174  INFO 29108 --- [    Test worker] o.s.b.t.m.w.SpringBootMockServletContext : Initializing Spring TestDispatcherServlet ''
2021-05-05 11:47:35.174  INFO 29108 --- [    Test worker] o.s.t.web.servlet.TestDispatcherServlet  : Initializing Servlet ''
2021-05-05 11:47:35.189  INFO 29108 --- [    Test worker] o.s.b.a.e.web.EndpointLinksResolver      : Exposing 2 endpoint(s) beneath base path '/actuator'
2021-05-05 11:47:35.223  INFO 29108 --- [    Test worker] o.s.t.web.servlet.TestDispatcherServlet  : Completed initialization in 49 ms
2021-05-05 11:47:35.249  INFO 29108 --- [    Test worker] DeferredRepositoryInitializationListener : Triggering deferred initialization of Spring Data repositories…
2021-05-05 11:47:35.560  INFO 29108 --- [    Test worker] DeferredRepositoryInitializationListener : Spring Data repositories initialized!
2021-05-05 11:47:35.571  INFO 29108 --- [    Test worker] c.m.d.samples.ThemeParkApplicationTest   : Started ThemeParkApplicationTest in 4.646 seconds (JVM running for 6.482)
]]></system-out>
  <system-err><![CDATA[]]></system-err>
</testsuite>
